<?xml version="1.0" encoding="UTF-8"?>
<testng-results ignored="0" total="1" passed="1" failed="0" skipped="0">
  <reporter-output>
  </reporter-output>
  <suite started-at="2022-07-31T16:55:42 CDT" name="Default suite" finished-at="2022-07-31T16:55:45 CDT" duration-ms="2789">
    <groups>
    </groups>
    <test started-at="2022-07-31T16:55:42 CDT" name="Default test" finished-at="2022-07-31T16:55:45 CDT" duration-ms="2789">
      <class name="test.ValidateCategoryBox">
        <test-method signature="ValidateCategoryCheckBox()[pri:0, instance:test.ValidateCategoryBox@77eca502]" started-at="2022-07-31T16:55:42 CDT" name="ValidateCategoryCheckBox" finished-at="2022-07-31T16:55:45 CDT" duration-ms="2738" status="PASS">
          <reporter-output>
          </reporter-output>
        </test-method> <!-- ValidateCategoryCheckBox -->
      </class> <!-- test.ValidateCategoryBox -->
    </test> <!-- Default test -->
  </suite> <!-- Default suite -->
</testng-results>
